info it worked if it ends with ok
verbose cli [ 'node', '/usr/local/bin/npm', 'install', 'dependencies' ]
info using npm@1.1.16
info using node@v0.6.14
verbose config file /Users/Bryce/.npmrc
verbose config file /usr/local/etc/npmrc
verbose config file /usr/local/lib/node_modules/npm/npmrc
verbose caching /Users/Bryce/Desktop/instagame/package.json
verbose loadDefaults application-name@0.0.1
verbose caching /Users/Bryce/Desktop/instagame/node_modules/express/package.json
verbose caching /Users/Bryce/Desktop/instagame/node_modules/html/package.json
verbose caching /Users/Bryce/Desktop/instagame/node_modules/jade/package.json
verbose caching /Users/Bryce/Desktop/instagame/node_modules/qs/package.json
verbose caching /Users/Bryce/Desktop/instagame/node_modules/url/package.json
verbose from cache /Users/Bryce/Desktop/instagame/package.json
verbose readDependencies: using package.json deps
verbose cache add [ 'dependencies', null ]
silly cache add: name, spec, args [ undefined, 'dependencies', [ 'dependencies', null ] ]
verbose parsed url { pathname: 'dependencies',
verbose parsed url   path: 'dependencies',
verbose parsed url   href: 'dependencies' }
verbose addNamed [ 'dependencies', '' ]
verbose addNamed [ null, '' ]
silly name, range, hasData [ 'dependencies', '', false ]
verbose raw, before any munging dependencies
verbose url resolving [ 'https://registry.npmjs.org/', './dependencies' ]
verbose url resolved https://registry.npmjs.org/dependencies
http GET https://registry.npmjs.org/dependencies
http 404 https://registry.npmjs.org/dependencies
silly get cb [ 404,
silly get cb   { server: 'CouchDB/1.2.0 (Erlang OTP/R15B)',
silly get cb     date: 'Fri, 13 Apr 2012 00:39:10 GMT',
silly get cb     'content-type': 'application/json',
silly get cb     'content-length': '52',
silly get cb     'cache-control': 'must-revalidate' } ]
ERR! 404 'dependencies' is not in the npm registry.
ERR! 404 You should bug the author to publish it
ERR! 404 Note that you can also install from a
ERR! 404 tarball, folder, or http url, or git url.
ERR! 
ERR! System Darwin 11.3.0
ERR! command "node" "/usr/local/bin/npm" "install" "dependencies"
ERR! cwd /Users/Bryce/Desktop/instagame
ERR! node -v v0.6.14
ERR! npm -v 1.1.16
ERR! code E404
ERR! message 404 Not Found: dependencies
ERR! errno {}
verbose exit [ 1, true ]
